2023-04-12 18:38:42,763 INFO o.a.j.u.JMeterUtils: Setting Locale to en_IN
2023-04-12 18:38:42,774 INFO o.a.j.JMeter: Loading user properties from: user.properties
2023-04-12 18:38:42,775 INFO o.a.j.JMeter: Loading system properties from: system.properties
2023-04-12 18:38:42,775 INFO o.a.j.JMeter: Setting JMeter property: Threads=1
2023-04-12 18:38:42,775 INFO o.a.j.JMeter: Setting JMeter property: Rampup=up
2023-04-12 18:38:42,777 INFO o.a.j.JMeter: Copyright (c) 1998-2022 The Apache Software Foundation
2023-04-12 18:38:42,777 INFO o.a.j.JMeter: Version 5.5
2023-04-12 18:38:42,777 INFO o.a.j.JMeter: java.version=19.0.2
2023-04-12 18:38:42,777 INFO o.a.j.JMeter: java.vm.name=Java HotSpot(TM) 64-Bit Server VM
2023-04-12 18:38:42,777 INFO o.a.j.JMeter: os.name=Mac OS X
2023-04-12 18:38:42,777 INFO o.a.j.JMeter: os.arch=aarch64
2023-04-12 18:38:42,777 INFO o.a.j.JMeter: os.version=13.3.1
2023-04-12 18:38:42,778 INFO o.a.j.JMeter: file.encoding=UTF-8
2023-04-12 18:38:42,778 INFO o.a.j.JMeter: java.awt.headless=true
2023-04-12 18:38:42,778 INFO o.a.j.JMeter: Max memory     =4294967296
2023-04-12 18:38:42,778 INFO o.a.j.JMeter: Available Processors =10
2023-04-12 18:38:42,782 INFO o.a.j.JMeter: Default Locale=English (India)
2023-04-12 18:38:42,782 INFO o.a.j.JMeter: JMeter  Locale=English (India)
2023-04-12 18:38:42,782 INFO o.a.j.JMeter: JMeterHome=/Users/e007375/Desktop/apache-jmeter-5.5
2023-04-12 18:38:42,782 INFO o.a.j.JMeter: user.dir  =/Users/e007375/Desktop/apache-jmeter-5.5/bin
2023-04-12 18:38:42,782 INFO o.a.j.JMeter: PWD       =/Users/e007375/Desktop/apache-jmeter-5.5/bin
2023-04-12 18:38:42,783 INFO o.a.j.JMeter: IP: 127.0.0.1 Name: LP004731.local FullName: localhost
2023-04-12 18:38:42,788 INFO o.a.j.s.FileServer: Default base='/Users/e007375/Desktop/apache-jmeter-5.5/bin'
2023-04-12 18:38:42,789 INFO o.a.j.s.FileServer: Set new base='/Users/e007375/Desktop/GIT'
2023-04-12 18:38:42,888 INFO o.a.j.s.SaveService: Testplan (JMX) version: 2.2. Testlog (JTL) version: 2.2
2023-04-12 18:38:42,900 INFO o.a.j.s.SaveService: Using SaveService properties version 5.0
2023-04-12 18:38:42,902 INFO o.a.j.s.SaveService: Using SaveService properties file encoding UTF-8
2023-04-12 18:38:42,903 INFO o.a.j.s.SaveService: Loading file: /Users/e007375/Desktop/GIT/ThreadGroup.jmx
2023-04-12 18:38:42,922 INFO o.a.j.p.h.s.HTTPSamplerBase: Parser for text/html is org.apache.jmeter.protocol.http.parser.LagartoBasedHtmlParser
2023-04-12 18:38:42,922 INFO o.a.j.p.h.s.HTTPSamplerBase: Parser for application/xhtml+xml is org.apache.jmeter.protocol.http.parser.LagartoBasedHtmlParser
2023-04-12 18:38:42,922 INFO o.a.j.p.h.s.HTTPSamplerBase: Parser for application/xml is org.apache.jmeter.protocol.http.parser.LagartoBasedHtmlParser
2023-04-12 18:38:42,922 INFO o.a.j.p.h.s.HTTPSamplerBase: Parser for text/xml is org.apache.jmeter.protocol.http.parser.LagartoBasedHtmlParser
2023-04-12 18:38:42,922 INFO o.a.j.p.h.s.HTTPSamplerBase: Parser for text/vnd.wap.wml is org.apache.jmeter.protocol.http.parser.RegexpHTMLParser
2023-04-12 18:38:42,922 INFO o.a.j.p.h.s.HTTPSamplerBase: Parser for text/css is org.apache.jmeter.protocol.http.parser.CssParser
2023-04-12 18:38:42,931 INFO o.a.j.JMeter: Creating summariser <summary>
2023-04-12 18:38:42,936 INFO o.a.j.e.StandardJMeterEngine: Running the test!
2023-04-12 18:38:42,937 INFO o.a.j.s.SampleEvent: List of sample_variables: []
2023-04-12 18:38:42,937 INFO o.a.j.s.SampleEvent: List of sample_variables: []
2023-04-12 18:38:42,938 INFO o.a.j.e.u.CompoundVariable: Note: Function class names must contain the string: '.functions.'
2023-04-12 18:38:42,939 INFO o.a.j.e.u.CompoundVariable: Note: Function class names must not contain the string: '.gui.'
2023-04-12 18:38:42,961 INFO o.a.j.JMeter: Running test (1681304922961)
2023-04-12 18:38:42,969 INFO o.a.j.e.StandardJMeterEngine: Starting ThreadGroup: 1 : Thread Group
2023-04-12 18:38:42,969 INFO o.a.j.e.StandardJMeterEngine: Starting 1 threads for group Thread Group.
2023-04-12 18:38:42,969 INFO o.a.j.e.StandardJMeterEngine: Thread will continue on error
2023-04-12 18:38:42,969 INFO o.a.j.t.ThreadGroup: Starting thread group... number=1 threads=1 ramp-up=0 delayedStart=false
2023-04-12 18:38:42,971 INFO o.a.j.t.ThreadGroup: Started thread group number 1
2023-04-12 18:38:42,971 INFO o.a.j.e.StandardJMeterEngine: All thread groups have been started
2023-04-12 18:38:42,971 INFO o.a.j.t.JMeterThread: Thread started: Thread Group 1-1
2023-04-12 18:38:42,979 INFO o.a.j.p.h.s.HTTPHCAbstractImpl: Local host = LP004731.local
2023-04-12 18:38:42,982 INFO o.a.j.p.h.s.HTTPHC4Impl: HTTP request retry count = 0
2023-04-12 18:38:42,983 INFO o.a.j.s.SampleResult: Note: Sample TimeStamps are START times
2023-04-12 18:38:42,983 INFO o.a.j.s.SampleResult: sampleresult.default.encoding is set to ISO-8859-1
2023-04-12 18:38:42,983 INFO o.a.j.s.SampleResult: sampleresult.useNanoTime=true
2023-04-12 18:38:42,983 INFO o.a.j.s.SampleResult: sampleresult.nanoThreadSleep=5000
2023-04-12 18:38:43,697 INFO o.a.j.u.JsseSSLManager: Using default SSL protocol: TLS
2023-04-12 18:38:43,697 INFO o.a.j.u.JsseSSLManager: SSL session context: per-thread
2023-04-12 18:39:00,276 INFO o.a.j.r.Summariser: summary +     27 in 00:00:17 =    1.6/s Avg:   636 Min:   501 Max:   929 Err:     0 (0.00%) Active: 1 Started: 1 Finished: 0
2023-04-12 18:39:30,588 INFO o.a.j.r.Summariser: summary +     50 in 00:00:30 =    1.6/s Avg:   604 Min:   534 Max:   680 Err:     0 (0.00%) Active: 1 Started: 1 Finished: 0
2023-04-12 18:39:30,592 INFO o.a.j.r.Summariser: summary =     77 in 00:00:48 =    1.6/s Avg:   615 Min:   501 Max:   929 Err:     0 (0.00%)
2023-04-12 18:39:43,140 INFO o.a.j.t.JMeterThread: Stopping because end time detected by thread: Thread Group 1-1
2023-04-12 18:39:43,142 INFO o.a.j.t.JMeterThread: Thread finished: Thread Group 1-1
2023-04-12 18:39:43,145 INFO o.a.j.e.StandardJMeterEngine: Notifying test listeners of end of test
2023-04-12 18:39:43,147 INFO o.a.j.r.Summariser: summary +     21 in 00:00:13 =    1.7/s Avg:   595 Min:   499 Max:   914 Err:     0 (0.00%) Active: 0 Started: 1 Finished: 1
2023-04-12 18:39:43,148 INFO o.a.j.r.Summariser: summary =     98 in 00:01:00 =    1.6/s Avg:   611 Min:   499 Max:   929 Err:     0 (0.00%)
