2023-04-06 18:11:40,766 INFO o.a.j.u.JMeterUtils: Setting Locale to en_IN
2023-04-06 18:11:40,777 INFO o.a.j.JMeter: Loading user properties from: user.properties
2023-04-06 18:11:40,778 INFO o.a.j.JMeter: Loading system properties from: system.properties
2023-04-06 18:11:40,778 INFO o.a.j.JMeter: Loading additional properties from: /Users/e007375/Desktop/apache-jmeter-5.5/bin/user.properties
2023-04-06 18:11:40,780 INFO o.a.j.JMeter: Copyright (c) 1998-2022 The Apache Software Foundation
2023-04-06 18:11:40,780 INFO o.a.j.JMeter: Version 5.5
2023-04-06 18:11:40,780 INFO o.a.j.JMeter: java.version=19.0.2
2023-04-06 18:11:40,780 INFO o.a.j.JMeter: java.vm.name=Java HotSpot(TM) 64-Bit Server VM
2023-04-06 18:11:40,780 INFO o.a.j.JMeter: os.name=Mac OS X
2023-04-06 18:11:40,780 INFO o.a.j.JMeter: os.arch=aarch64
2023-04-06 18:11:40,780 INFO o.a.j.JMeter: os.version=13.3
2023-04-06 18:11:40,780 INFO o.a.j.JMeter: file.encoding=UTF-8
2023-04-06 18:11:40,780 INFO o.a.j.JMeter: java.awt.headless=true
2023-04-06 18:11:40,780 INFO o.a.j.JMeter: Max memory     =4294967296
2023-04-06 18:11:40,781 INFO o.a.j.JMeter: Available Processors =10
2023-04-06 18:11:40,784 INFO o.a.j.JMeter: Default Locale=English (India)
2023-04-06 18:11:40,784 INFO o.a.j.JMeter: JMeter  Locale=English (India)
2023-04-06 18:11:40,784 INFO o.a.j.JMeter: JMeterHome=/Users/e007375/Desktop/apache-jmeter-5.5
2023-04-06 18:11:40,784 INFO o.a.j.JMeter: user.dir  =/Users/e007375/Desktop/apache-jmeter-5.5/bin
2023-04-06 18:11:40,785 INFO o.a.j.JMeter: PWD       =/Users/e007375/Desktop/apache-jmeter-5.5/bin
2023-04-06 18:11:40,786 INFO o.a.j.JMeter: IP: 127.0.0.1 Name: LP004731.local FullName: localhost
2023-04-06 18:11:40,790 INFO o.a.j.JMeter: Setting property 'jmeter.reportgenerator.outputdir' to:'/Users/e007375/Documents/Apple/TestResults/TestReport'
2023-04-06 18:11:40,791 INFO o.a.j.r.d.ReportGenerator: ReportGenerator will use for Parsing the separator: ','
2023-04-06 18:11:40,791 INFO o.a.j.r.d.ReportGenerator: Will only generate report from results file: /Users/e007375/Documents/Apple/AEM_CMS_AggregateReport_06April2023.jtl
2023-04-06 18:11:40,791 INFO o.a.j.r.d.ReportGenerator: Reading report generator properties from: /Users/e007375/Desktop/apache-jmeter-5.5/bin/reportgenerator.properties
2023-04-06 18:11:40,792 INFO o.a.j.r.d.ReportGenerator: Merging with JMeter properties
2023-04-06 18:11:40,794 INFO o.a.j.r.c.ReportGeneratorConfiguration: Property 'jmeter.reportgenerator.temp_dir' not found, using default value 'temp' instead.
2023-04-06 18:11:40,795 INFO o.a.j.r.c.ReportGeneratorConfiguration: Property 'jmeter.reportgenerator.apdex_per_transaction' not found, using default value 'null' instead.
2023-04-06 18:11:40,798 INFO o.a.j.r.c.ReportGeneratorConfiguration: apdex_per_transaction is empty, not APDEX per transaction customization
2023-04-06 18:11:40,798 INFO o.a.j.r.c.ReportGeneratorConfiguration: Property 'jmeter.reportgenerator.sample_filter' not found, using default value 'null' instead.
2023-04-06 18:11:40,798 INFO o.a.j.r.c.ReportGeneratorConfiguration: Property 'jmeter.reportgenerator.report_title' not found, using default value 'null' instead.
2023-04-06 18:11:40,798 INFO o.a.j.r.c.ReportGeneratorConfiguration: Property 'jmeter.reportgenerator.start_date' not found, using default value 'null' instead.
2023-04-06 18:11:40,798 INFO o.a.j.r.c.ReportGeneratorConfiguration: Property 'jmeter.reportgenerator.end_date' not found, using default value 'null' instead.
2023-04-06 18:11:40,798 INFO o.a.j.r.c.ReportGeneratorConfiguration: Property 'jmeter.reportgenerator.date_format' not found, using default value 'null' instead.
2023-04-06 18:11:40,801 INFO o.a.j.r.c.ReportGeneratorConfiguration: Will use date range start date: null, end date: null
2023-04-06 18:11:40,803 INFO o.a.j.r.c.ReportGeneratorConfiguration: Property 'jmeter.reportgenerator.graph.totalTPS.exclude_controllers' not found, using default value 'false' instead.
2023-04-06 18:11:40,803 INFO o.a.j.r.c.ReportGeneratorConfiguration: Property 'jmeter.reportgenerator.graph.activeThreadsOverTime.exclude_controllers' not found, using default value 'false' instead.
2023-04-06 18:11:40,803 INFO o.a.j.r.c.ReportGeneratorConfiguration: Property 'jmeter.reportgenerator.graph.timeVsThreads.exclude_controllers' not found, using default value 'false' instead.
2023-04-06 18:11:40,803 INFO o.a.j.r.c.ReportGeneratorConfiguration: Property 'jmeter.reportgenerator.graph.responseTimeDistribution.exclude_controllers' not found, using default value 'false' instead.
2023-04-06 18:11:40,803 INFO o.a.j.r.c.ReportGeneratorConfiguration: Property 'jmeter.reportgenerator.graph.transactionsPerSecond.exclude_controllers' not found, using default value 'false' instead.
2023-04-06 18:11:40,803 INFO o.a.j.r.c.ReportGeneratorConfiguration: Property 'jmeter.reportgenerator.graph.responseTimePercentiles.exclude_controllers' not found, using default value 'false' instead.
2023-04-06 18:11:40,803 INFO o.a.j.r.c.ReportGeneratorConfiguration: Property 'jmeter.reportgenerator.graph.responseTimePercentilesOverTime.exclude_controllers' not found, using default value 'false' instead.
2023-04-06 18:11:40,803 INFO o.a.j.r.c.ReportGeneratorConfiguration: Property 'jmeter.reportgenerator.graph.responseTimesOverTime.exclude_controllers' not found, using default value 'false' instead.
2023-04-06 18:11:40,804 INFO o.a.j.r.c.ReportGeneratorConfiguration: Property 'jmeter.reportgenerator.graph.connectTimeOverTime.exclude_controllers' not found, using default value 'false' instead.
2023-04-06 18:11:40,804 INFO o.a.j.r.c.ReportGeneratorConfiguration: Property 'jmeter.reportgenerator.graph.latenciesOverTime.exclude_controllers' not found, using default value 'false' instead.
2023-04-06 18:11:40,804 INFO o.a.j.r.c.ReportGeneratorConfiguration: Property 'jmeter.reportgenerator.exporter.json.filters_only_sample_series' not found, using default value 'true' instead.
2023-04-06 18:11:40,804 INFO o.a.j.r.c.ReportGeneratorConfiguration: Property 'jmeter.reportgenerator.exporter.json.series_filter' not found, using default value '' instead.
2023-04-06 18:11:40,804 INFO o.a.j.r.c.ReportGeneratorConfiguration: Property 'jmeter.reportgenerator.exporter.json.show_controllers_only' not found, using default value 'false' instead.
2023-04-06 18:11:40,804 INFO o.a.j.r.c.ReportGeneratorConfiguration: Property 'jmeter.reportgenerator.exporter.html.filters_only_sample_series' not found, using default value 'true' instead.
2023-04-06 18:11:40,804 INFO o.a.j.r.c.ReportGeneratorConfiguration: Property 'jmeter.reportgenerator.exporter.html.series_filter' not found, using default value '' instead.
2023-04-06 18:11:40,804 INFO o.a.j.r.c.ReportGeneratorConfiguration: Property 'jmeter.reportgenerator.exporter.html.show_controllers_only' not found, using default value 'false' instead.
2023-04-06 18:11:40,908 INFO o.a.j.s.SaveService: Testplan (JMX) version: 2.2. Testlog (JTL) version: 2.2
2023-04-06 18:11:40,921 INFO o.a.j.s.SaveService: Using SaveService properties version 5.0
2023-04-06 18:11:40,922 INFO o.a.j.s.SaveService: Using SaveService properties file encoding UTF-8
2023-04-06 18:11:40,939 INFO o.a.j.r.p.NormalizerSampleConsumer: Using format, 'ms', to parse timeStamp field
2023-04-06 18:11:41,048 INFO o.a.j.r.p.AbstractSampleConsumer: class org.apache.jmeter.report.processor.AggregateConsumer#stopProducing(): beginDate produced 0 samples
2023-04-06 18:11:41,048 INFO o.a.j.r.p.AbstractSampleConsumer: class org.apache.jmeter.report.processor.AggregateConsumer#stopProducing(): endDate produced 0 samples
2023-04-06 18:11:41,051 INFO o.a.j.r.p.AbstractSampleConsumer: class org.apache.jmeter.report.processor.ApdexSummaryConsumer#stopProducing(): apdexSummary produced 0 samples
2023-04-06 18:11:41,051 INFO o.a.j.r.p.AbstractSampleConsumer: class org.apache.jmeter.report.processor.RequestsSummaryConsumer#stopProducing(): requestsSummary produced 0 samples
2023-04-06 18:11:41,054 INFO o.a.j.r.p.AbstractSampleConsumer: class org.apache.jmeter.report.processor.StatisticsSummaryConsumer#stopProducing(): statisticsSummary produced 0 samples
2023-04-06 18:11:41,055 INFO o.a.j.r.p.AbstractSampleConsumer: class org.apache.jmeter.report.processor.Top5ErrorsBySamplerConsumer#stopProducing(): top5ErrorsBySampler produced 0 samples
2023-04-06 18:11:41,055 INFO o.a.j.r.p.AbstractSampleConsumer: class org.apache.jmeter.report.processor.ErrorsSummaryConsumer#stopProducing(): errorsSummary produced 0 samples
2023-04-06 18:11:41,055 INFO o.a.j.r.p.AbstractSampleConsumer: class org.apache.jmeter.report.processor.graph.impl.HitsPerSecondGraphConsumer#stopProducing(): hitsPerSecond produced 0 samples
2023-04-06 18:11:41,115 INFO o.a.j.r.p.AbstractSampleConsumer: class org.apache.jmeter.report.processor.graph.impl.LatencyVSRequestGraphConsumer#stopProducing(): latencyVsRequest produced 0 samples
2023-04-06 18:11:41,116 INFO o.a.j.r.p.AbstractSampleConsumer: class org.apache.jmeter.report.processor.graph.impl.SyntheticResponseTimeDistributionGraphConsumer#stopProducing(): syntheticResponseTimeDistribution produced 0 samples
2023-04-06 18:11:41,116 INFO o.a.j.r.p.AbstractSampleConsumer: class org.apache.jmeter.report.processor.graph.impl.BytesThroughputGraphConsumer#stopProducing(): bytesThroughputOverTime produced 0 samples
2023-04-06 18:11:41,116 INFO o.a.j.r.p.AbstractSampleConsumer: class org.apache.jmeter.report.processor.graph.impl.CodesPerSecondGraphConsumer#stopProducing(): codesPerSecond produced 0 samples
2023-04-06 18:11:41,146 INFO o.a.j.r.p.AbstractSampleConsumer: class org.apache.jmeter.report.processor.graph.impl.ResponseTimeVSRequestGraphConsumer#stopProducing(): responseTimeVsRequest produced 0 samples
2023-04-06 18:11:41,147 INFO o.a.j.r.p.AbstractSampleConsumer: class org.apache.jmeter.report.processor.FilterConsumer#stopProducing(): startIntervalControlerFilter produced 24514 samples
2023-04-06 18:11:41,147 INFO o.a.j.r.p.AbstractSampleConsumer: class org.apache.jmeter.report.processor.graph.impl.TotalTPSGraphConsumer#stopProducing(): totalTPS produced 0 samples
2023-04-06 18:11:41,147 INFO o.a.j.r.p.AbstractSampleConsumer: class org.apache.jmeter.report.processor.graph.impl.ActiveThreadsGraphConsumer#stopProducing(): activeThreadsOverTime produced 0 samples
2023-04-06 18:11:41,147 INFO o.a.j.r.p.AbstractSampleConsumer: class org.apache.jmeter.report.processor.graph.impl.TimeVSThreadGraphConsumer#stopProducing(): timeVsThreads produced 0 samples
2023-04-06 18:11:41,147 INFO o.a.j.r.p.AbstractSampleConsumer: class org.apache.jmeter.report.processor.graph.impl.ResponseTimeDistributionGraphConsumer#stopProducing(): responseTimeDistribution produced 0 samples
2023-04-06 18:11:41,147 INFO o.a.j.r.p.AbstractSampleConsumer: class org.apache.jmeter.report.processor.graph.impl.TransactionsPerSecondGraphConsumer#stopProducing(): transactionsPerSecond produced 0 samples
2023-04-06 18:11:41,147 INFO o.a.j.r.p.AbstractSampleConsumer: class org.apache.jmeter.report.processor.graph.impl.ResponseTimePercentilesGraphConsumer#stopProducing(): responseTimePercentiles produced 0 samples
2023-04-06 18:11:41,149 INFO o.a.j.r.p.AbstractSampleConsumer: class org.apache.jmeter.report.processor.graph.impl.ResponseTimePercentilesOverTimeGraphConsumer#stopProducing(): responseTimePercentilesOverTime produced 0 samples
2023-04-06 18:11:41,150 INFO o.a.j.r.p.AbstractSampleConsumer: class org.apache.jmeter.report.processor.graph.impl.ResponseTimeOverTimeGraphConsumer#stopProducing(): responseTimesOverTime produced 0 samples
2023-04-06 18:11:41,150 INFO o.a.j.r.p.AbstractSampleConsumer: class org.apache.jmeter.report.processor.graph.impl.ConnectTimeOverTimeGraphConsumer#stopProducing(): connectTimeOverTime produced 0 samples
2023-04-06 18:11:41,150 INFO o.a.j.r.p.AbstractSampleConsumer: class org.apache.jmeter.report.processor.graph.impl.LatencyOverTimeGraphConsumer#stopProducing(): latenciesOverTime produced 0 samples
2023-04-06 18:11:41,150 INFO o.a.j.r.p.AbstractSampleConsumer: class org.apache.jmeter.report.processor.FilterConsumer#stopProducing(): nameFilter produced 52530 samples
2023-04-06 18:11:41,150 INFO o.a.j.r.p.AbstractSampleConsumer: class org.apache.jmeter.report.processor.FilterConsumer#stopProducing(): dateRangeFilter produced 10506 samples
2023-04-06 18:11:41,150 INFO o.a.j.r.p.AbstractSampleConsumer: class org.apache.jmeter.report.processor.NormalizerSampleConsumer#stopProducing(): normalizer produced 3502 samples
2023-04-06 18:11:41,150 INFO o.a.j.r.p.CsvFileSampleSource: produce(): 3502 samples produced in 202ms on channel 0
2023-04-06 18:11:41,151 INFO o.a.j.r.d.ReportGenerator: Exporting data using exporter:'json' of className:'org.apache.jmeter.report.dashboard.JsonExporter'
2023-04-06 18:11:41,204 INFO o.a.j.r.d.JsonExporter: Found data for consumer statisticsSummary in context
2023-04-06 18:11:41,204 INFO o.a.j.r.d.JsonExporter: Creating statistics for overall
2023-04-06 18:11:41,205 INFO o.a.j.r.d.JsonExporter: Creating statistics for other transactions
2023-04-06 18:11:41,205 INFO o.a.j.r.d.JsonExporter: Checking output folder
2023-04-06 18:11:41,205 INFO o.a.j.r.d.JsonExporter: Writing statistics JSON to /Users/e007375/Documents/Apple/TestResults/TestReport/statistics.json
2023-04-06 18:11:41,222 INFO o.a.j.r.d.ReportGenerator: Exporting data using exporter:'html' of className:'org.apache.jmeter.report.dashboard.HtmlTemplateExporter'
2023-04-06 18:11:41,223 INFO o.a.j.r.d.HtmlTemplateExporter: Will generate dashboard in folder: /Users/e007375/Documents/Apple/TestResults/TestReport
2023-04-06 18:11:41,270 INFO o.a.j.r.d.HtmlTemplateExporter: Report will be generated in: /Users/e007375/Documents/Apple/TestResults/TestReport, creating folder structure
2023-04-06 18:11:41,271 INFO o.a.j.r.d.TemplateVisitor: Copying folder from '/Users/e007375/Desktop/apache-jmeter-5.5/bin/report-template' to '/Users/e007375/Documents/Apple/TestResults/TestReport', got message: /Users/e007375/Documents/Apple/TestResults/TestReport, found non empty folder with following content [/Users/e007375/Documents/Apple/TestResults/TestReport/statistics.json], will be ignored
